[    6099ms] [ERROR] %c%d font-size:0;color:transparent NaN @ https://challenges.cloudflare.com/cdn-cgi/challenge-platform/h/b/turnstile/f/ov2/av0/rch/s3nry/0x4AAAAAACZTxXfkkbsNS9ta/auto/fbE/new/normal?lang=auto:0
[    6099ms] [ERROR] %c%d font-size:0;color:transparent NaN @ https://challenges.cloudflare.com/cdn-cgi/challenge-platform/h/b/turnstile/f/ov2/av0/rch/s3nry/0x4AAAAAACZTxXfkkbsNS9ta/auto/fbE/new/normal?lang=auto:0
[    6100ms] [WARNING] %c%d font-size:0;color:transparent NaN @ https://challenges.cloudflare.com/cdn-cgi/challenge-platform/h/b/turnstile/f/ov2/av0/rch/s3nry/0x4AAAAAACZTxXfkkbsNS9ta/auto/fbE/new/normal?lang=auto:0
[    6100ms] [WARNING] %c%d font-size:0;color:transparent NaN @ https://challenges.cloudflare.com/cdn-cgi/challenge-platform/h/b/turnstile/f/ov2/av0/rch/s3nry/0x4AAAAAACZTxXfkkbsNS9ta/auto/fbE/new/normal?lang=auto:0
[    6184ms] [ERROR] Failed to load resource: the server responded with a status of 401 () @ https://challenges.cloudflare.com/cdn-cgi/challenge-platform/h/b/pat/9cbd1a41ade9e02b/1770742195680/97556edb16e5d3825a6dbdd21ac3f2068f2dbb43e286a770205665e956658bf2/pa6i1s5HT5zqUcD:0
[    6264ms] [ERROR]  Note that 'script-src' was not explicitly set, so 'default-src' is used as a fallback. @ https://challenges.cloudflare.com/cdn-cgi/challenge-platform/h/b/turnstile/f/ov2/av0/rch/s3nry/0x4AAAAAACZTxXfkkbsNS9ta/auto/fbE/new/normal?lang=auto:0
[    9659ms] [WARNING] The resource https://challenges.cloudflare.com/cdn-cgi/challenge-platform/h/b/cmg/1 was preloaded using link preload but not used within a few seconds from the window's load event. Please make sure it has an appropriate `as` value and it is preloaded intentionally. @ https://challenges.cloudflare.com/cdn-cgi/challenge-platform/h/b/turnstile/f/ov2/av0/rch/s3nry/0x4AAAAAACZTxXfkkbsNS9ta/auto/fbE/new/normal?lang=auto:0
[   13731ms] [ERROR] Failed to load resource: the server responded with a status of 503 () @ https://absurdityindex.org/api/votechain/poc/replicate:0
[   13731ms] [WARNING] [VCL] Manifest replication failed: Node URL not configured for federal node. @ https://absurdityindex.org/votechain/_astro/state.BrBZ8Yim.js:0
[   15069ms] [ERROR] Failed to load resource: the server responded with a status of 503 () @ https://absurdityindex.org/api/votechain/poc/replicate:0
[   15069ms] [WARNING] [VCL] credential_issued replication failed: Node URL not configured for state node. @ https://absurdityindex.org/votechain/_astro/vote.astro_astro_type_script_index_0_lang.GM7dQRaf.js:0
[   21213ms] [ERROR] Failed to load resource: the server responded with a status of 503 () @ https://absurdityindex.org/api/votechain/poc/replicate:0
[   21219ms] [ERROR] Failed to load resource: the server responded with a status of 503 () @ https://absurdityindex.org/api/votechain/poc/replicate:0
[   21220ms] [WARNING] [VCL] Replication of bb_sth_published failed: Node URL not configured for state node. @ https://absurdityindex.org/votechain/_astro/vote.astro_astro_type_script_index_0_lang.GM7dQRaf.js:0
[   21220ms] [WARNING] [VCL] Replication of ewp_ballot_cast failed: Node URL not configured for state node. @ https://absurdityindex.org/votechain/_astro/vote.astro_astro_type_script_index_0_lang.GM7dQRaf.js:0
[   42416ms] [ERROR] Loading the script 'https://cdn.jsdelivr.net/npm/mermaid@11/dist/mermaid.min.js' violates the following Content Security Policy directive: "script-src 'self' 'unsafe-inline' https://static.cloudflareinsights.com https://challenges.cloudflare.com". Note that 'script-src-elem' was not explicitly set, so 'script-src' is used as a fallback. The action has been blocked. @ https://absurdityindex.org/votechain/ewp/:2317
[   45127ms] [ERROR] Failed to load resource: the server responded with a status of 401 () @ https://challenges.cloudflare.com/cdn-cgi/challenge-platform/h/b/pat/9cbd1b353e0f5114/1770742234664/13efd6a370165039f3dece93c9b2b9825832f7ec11ccc661d3df3259f5db99d0/tIl-Z2K8RITj6QE:0
[   45132ms] [ERROR]  Note that 'script-src' was not explicitly set, so 'default-src' is used as a fallback. @ https://challenges.cloudflare.com/cdn-cgi/challenge-platform/h/b/turnstile/f/ov2/av0/rch/s7d6v/0x4AAAAAACZTxXfkkbsNS9ta/auto/fbE/new/normal?lang=auto:0
[   45280ms] [ERROR] %c%d font-size:0;color:transparent NaN @ https://challenges.cloudflare.com/cdn-cgi/challenge-platform/h/b/turnstile/f/ov2/av0/rch/s7d6v/0x4AAAAAACZTxXfkkbsNS9ta/auto/fbE/new/normal?lang=auto:0
[   45280ms] [ERROR] %c%d font-size:0;color:transparent NaN @ https://challenges.cloudflare.com/cdn-cgi/challenge-platform/h/b/turnstile/f/ov2/av0/rch/s7d6v/0x4AAAAAACZTxXfkkbsNS9ta/auto/fbE/new/normal?lang=auto:0
[   45281ms] [WARNING] %c%d font-size:0;color:transparent NaN @ https://challenges.cloudflare.com/cdn-cgi/challenge-platform/h/b/turnstile/f/ov2/av0/rch/s7d6v/0x4AAAAAACZTxXfkkbsNS9ta/auto/fbE/new/normal?lang=auto:0
[   45281ms] [WARNING] %c%d font-size:0;color:transparent NaN @ https://challenges.cloudflare.com/cdn-cgi/challenge-platform/h/b/turnstile/f/ov2/av0/rch/s7d6v/0x4AAAAAACZTxXfkkbsNS9ta/auto/fbE/new/normal?lang=auto:0
[   48608ms] [WARNING] The resource https://challenges.cloudflare.com/cdn-cgi/challenge-platform/h/b/cmg/1 was preloaded using link preload but not used within a few seconds from the window's load event. Please make sure it has an appropriate `as` value and it is preloaded intentionally. @ https://challenges.cloudflare.com/cdn-cgi/challenge-platform/h/b/turnstile/f/ov2/av0/rch/s7d6v/0x4AAAAAACZTxXfkkbsNS9ta/auto/fbE/new/normal?lang=auto:0
[   51028ms] [ERROR]  Note that 'script-src' was not explicitly set, so 'default-src' is used as a fallback. @ https://challenges.cloudflare.com/cdn-cgi/challenge-platform/h/b/turnstile/f/ov2/av0/rch/g5usd/0x4AAAAAACZTxXfkkbsNS9ta/auto/fbE/new/normal?lang=auto:0
[   51154ms] [ERROR] %c%d font-size:0;color:transparent NaN @ https://challenges.cloudflare.com/cdn-cgi/challenge-platform/h/b/turnstile/f/ov2/av0/rch/g5usd/0x4AAAAAACZTxXfkkbsNS9ta/auto/fbE/new/normal?lang=auto:0
[   51154ms] [ERROR] %c%d font-size:0;color:transparent NaN @ https://challenges.cloudflare.com/cdn-cgi/challenge-platform/h/b/turnstile/f/ov2/av0/rch/g5usd/0x4AAAAAACZTxXfkkbsNS9ta/auto/fbE/new/normal?lang=auto:0
[   51155ms] [WARNING] %c%d font-size:0;color:transparent NaN @ https://challenges.cloudflare.com/cdn-cgi/challenge-platform/h/b/turnstile/f/ov2/av0/rch/g5usd/0x4AAAAAACZTxXfkkbsNS9ta/auto/fbE/new/normal?lang=auto:0
[   51155ms] [WARNING] %c%d font-size:0;color:transparent NaN @ https://challenges.cloudflare.com/cdn-cgi/challenge-platform/h/b/turnstile/f/ov2/av0/rch/g5usd/0x4AAAAAACZTxXfkkbsNS9ta/auto/fbE/new/normal?lang=auto:0
[   51239ms] [ERROR] Failed to load resource: the server responded with a status of 401 () @ https://challenges.cloudflare.com/cdn-cgi/challenge-platform/h/b/pat/9cbd1b5b09115114/1770742240670/aae2a08335afc817f5b903b65a463093bc99aa374206aafa258f499ef253e698/iOeUtKgy5oTtyNu:0
[   54518ms] [WARNING] The resource https://challenges.cloudflare.com/cdn-cgi/challenge-platform/h/b/cmg/1 was preloaded using link preload but not used within a few seconds from the window's load event. Please make sure it has an appropriate `as` value and it is preloaded intentionally. @ https://challenges.cloudflare.com/cdn-cgi/challenge-platform/h/b/turnstile/f/ov2/av0/rch/g5usd/0x4AAAAAACZTxXfkkbsNS9ta/auto/fbE/new/normal?lang=auto:0
[  286406ms] [ERROR] Failed to load resource: the server responded with a status of 401 () @ https://challenges.cloudflare.com/cdn-cgi/challenge-platform/h/b/pat/9cbd21199ca44c93/1770742476015/cfd997e28ca4d38adab0bf740fcdb9f3803d238ec6497737ee302bb7c92509c8/r539Raz8anYYUnC:0
[  286519ms] [ERROR]  Note that 'script-src' was not explicitly set, so 'default-src' is used as a fallback. @ https://challenges.cloudflare.com/cdn-cgi/challenge-platform/h/b/turnstile/f/ov2/av0/rch/bsqbn/0x4AAAAAACZTxXfkkbsNS9ta/auto/fbE/new/normal?lang=auto:0
[  286651ms] [ERROR] %c%d font-size:0;color:transparent NaN @ https://challenges.cloudflare.com/cdn-cgi/challenge-platform/h/b/turnstile/f/ov2/av0/rch/bsqbn/0x4AAAAAACZTxXfkkbsNS9ta/auto/fbE/new/normal?lang=auto:0
[  286651ms] [ERROR] %c%d font-size:0;color:transparent NaN @ https://challenges.cloudflare.com/cdn-cgi/challenge-platform/h/b/turnstile/f/ov2/av0/rch/bsqbn/0x4AAAAAACZTxXfkkbsNS9ta/auto/fbE/new/normal?lang=auto:0
[  286651ms] [WARNING] %c%d font-size:0;color:transparent NaN @ https://challenges.cloudflare.com/cdn-cgi/challenge-platform/h/b/turnstile/f/ov2/av0/rch/bsqbn/0x4AAAAAACZTxXfkkbsNS9ta/auto/fbE/new/normal?lang=auto:0
[  286651ms] [WARNING] %c%d font-size:0;color:transparent NaN @ https://challenges.cloudflare.com/cdn-cgi/challenge-platform/h/b/turnstile/f/ov2/av0/rch/bsqbn/0x4AAAAAACZTxXfkkbsNS9ta/auto/fbE/new/normal?lang=auto:0
[  289748ms] [ERROR] Failed to load resource: the server responded with a status of 503 () @ https://absurdityindex.org/api/votechain/poc/replicate:0
[  289748ms] [WARNING] [VCL] credential_issued replication failed: Node URL not configured for state node. @ https://absurdityindex.org/votechain/_astro/vote.astro_astro_type_script_index_0_lang.GM7dQRaf.js:0
[  305791ms] [ERROR] Failed to load resource: the server responded with a status of 503 () @ https://absurdityindex.org/api/votechain/poc/replicate:0
[  305807ms] [ERROR] Failed to load resource: the server responded with a status of 503 () @ https://absurdityindex.org/api/votechain/poc/replicate:0
[  305807ms] [WARNING] [VCL] Replication of bb_sth_published failed: Node URL not configured for state node. @ https://absurdityindex.org/votechain/_astro/vote.astro_astro_type_script_index_0_lang.GM7dQRaf.js:0
[  305807ms] [WARNING] [VCL] Replication of ewp_ballot_cast failed: Node URL not configured for state node. @ https://absurdityindex.org/votechain/_astro/vote.astro_astro_type_script_index_0_lang.GM7dQRaf.js:0
